Logger initialized
Ant basedir:C:\DOCUME~1\ADMINI~1\CONFIG~1\Temp\antinstall
Config loaded
Created UI classes
Aborted
Finalizing
Logger initialized
Ant basedir:C:\DOCUME~1\ADMINI~1\CONFIG~1\Temp\antinstall
Config loaded
Created UI classes
Aborted
Finalizing
Logger initialized
Ant basedir:C:\DOCUME~1\ADMINI~1\CONFIG~1\Temp\antinstall
Config loaded
Created UI classes
Install screens rendered
Ant finished
Finalizing
Logger initialized
Ant basedir:C:\DOCUME~1\ADMINI~1\CONFIG~1\Temp\antinstall0
Config loaded
Created UI classes
Aborted
Finalizing
Logger initialized
Ant basedir:C:\DOCUME~1\ADMINI~1\CONFIG~1\Temp\antinstall0
Config loaded
Created UI classes
Install screens rendered
Ant finished
Finalizing
Logger initialized
Ant basedir:/tmp/antinstall
Config loaded
Created UI classes
Aborted
Finalizing
Logger initialized
Ant basedir:/tmp/antinstall
Config loaded
Created UI classes
Aborted
Finalizing
Logger initialized
Ant basedir:/tmp/antinstall
Config loaded
Created UI classes
Aborted
Finalizing
Logger initialized
Ant basedir:/tmp/antinstall
Config loaded
Created UI classes
Aborted
Finalizing
Logger initialized
Ant basedir:/tmp/antinstall
Config loaded
Created UI classes
Aborted
Finalizing
Logger initialized
Ant basedir:/tmp/antinstall
Config loaded
Created UI classes
Aborted
Finalizing
Logger initialized
Ant basedir:/tmp/antinstall
Config loaded
Created UI classes
Install screens rendered
Ant finished
Finalizing
Logger initialized
Ant basedir:/tmp/antinstall
Config loaded
Created UI classes
Install screens rendered
Ant finished
Finalizing
Logger initialized
Ant basedir:/tmp/antinstall
Config loaded
Created UI classes
Install screens rendered
Ant finished
Finalizing
Logger initialized
Ant basedir:/tmp/antinstall
Config loaded
Created UI classes
Install screens rendered
Ant finished
Finalizing
Logger initialized
Ant basedir:/tmp/antinstall
Config loaded
Created UI classes
Install screens rendered
Ant finished
Finalizing
Logger initialized
Ant basedir:/tmp/antinstall
Config loaded
Created UI classes
Install screens rendered
Ant finished
Finalizing
Logger initialized
Ant basedir:/tmp/antinstall
Config loaded
Created UI classes
Aborted
Finalizing
Logger initialized
Ant basedir:/tmp/antinstall
Config loaded
Created UI classes
Aborted
Finalizing
Logger initialized
Ant basedir:/tmp/antinstall
Config loaded
Created UI classes
Aborted
Finalizing
Logger initialized
Ant basedir:/tmp/antinstall
Config loaded
Created UI classes
Aborted
Finalizing
Logger initialized
Ant basedir:/tmp/antinstall
Config loaded
Created UI classes
Install screens rendered
Ant finished
Finalizing
Logger initialized
Ant basedir:/tmp/antinstall
Config loaded
Created UI classes
Install screens rendered
Ant finished
Finalizing
Logger initialized
Ant basedir:/tmp/antinstall
Config loaded
Created UI classes
Install screens rendered
Ant finished
Finalizing
Logger initialized
Ant basedir:/tmp/antinstall
Config loaded
Created UI classes
Install screens rendered
Ant finished
Finalizing
Logger initialized
Ant basedir:/tmp/antinstall
Config loaded
Created UI classes
Install screens rendered
Ant finished
Finalizing
Logger initialized
Ant basedir:/tmp/antinstall
Config loaded
Created UI classes
Install screens rendered
Ant finished
Finalizing
Logger initialized
Ant basedir:/tmp/antinstall
Config loaded
Created UI classes
Install screens rendered
Ant finished
Finalizing
Logger initialized
Ant basedir:/tmp/antinstall
Config loaded
Created UI classes
Install screens rendered
Installation error:Error running the install:class org.tp23.antinstaller.InstallException
Logger initialized
Ant basedir:/tmp/antinstall
Config loaded
Created UI classes
Install screens rendered
Installation error:Error running the install:class org.tp23.antinstaller.InstallException
Logger initialized
Ant basedir:/tmp/antinstall
Config loaded
Created UI classes
Install screens rendered
Installation error:Error running the install:class org.tp23.antinstaller.InstallException
Logger initialized
Ant basedir:/tmp/antinstall
Config loaded
Created UI classes
Install screens rendered
Ant finished
Finalizing
Logger initialized
Ant basedir:/tmp/antinstall
Config loaded
Created UI classes
Install screens rendered
Ant finished
Finalizing
Logger initialized
Ant basedir:/tmp/antinstall
Config loaded
Created UI classes
Install screens rendered
Ant finished
Finalizing
Logger initialized
Ant basedir:/tmp/antinstall
Config loaded
Created UI classes
Install screens rendered
Ant finished
Finalizing
Logger initialized
Ant basedir:/tmp/antinstall
Config loaded
Created UI classes
Install screens rendered
Ant finished
Finalizing
Logger initialized
Ant basedir:/tmp/antinstall
Config loaded
Created UI classes
Install screens rendered
Ant finished
Finalizing
Logger initialized
Ant basedir:/tmp/antinstall
Config loaded
Created UI classes
Aborted
Finalizing
Logger initialized
Ant basedir:/tmp/antinstall
Config loaded
Created UI classes
Install screens rendered
Ant finished
Finalizing
Logger initialized
Ant basedir:/tmp/antinstall
Config loaded
Created UI classes
Aborted
Finalizing
Logger initialized
Ant basedir:/tmp/antinstall
Config loaded
Created UI classes
Aborted
Finalizing
Logger initialized
Ant basedir:/tmp/antinstall
Config loaded
Created UI classes
Install screens rendered
Ant finished
Finalizing
Logger initialized
Ant basedir:/tmp/antinstall
Config loaded
Created UI classes
Install screens rendered
Ant finished
Finalizing
Logger initialized
Ant basedir:/tmp/antinstall
Config loaded
Created UI classes
Aborted
Finalizing
Logger initialized
Ant basedir:/tmp/antinstall
Config loaded
Created UI classes
Install screens rendered
Ant finished
Finalizing
Logger initialized
Ant basedir:/tmp/antinstall
Config loaded
Created UI classes
Install screens rendered
Ant finished
Finalizing
Logger initialized
Ant basedir:/tmp/antinstall
Config loaded
Created UI classes
Install screens rendered
Ant finished
Finalizing
Logger initialized
Ant basedir:/tmp/antinstall
Config loaded
Created UI classes
Install screens rendered
Ant finished
Finalizing
Logger initialized
Ant basedir:/tmp/antinstall
Config loaded
Created UI classes
Install screens rendered
Ant finished
Finalizing
Logger initialized
Ant basedir:/tmp/antinstall
Config loaded
Created UI classes
Install screens rendered
Ant finished
Finalizing
Logger initialized
Ant basedir:/tmp/antinstall
Config loaded
Created UI classes
Install screens rendered
Ant finished
Finalizing
Logger initialized
Ant basedir:/tmp/antinstall
Config loaded
Created UI classes
Install screens rendered
Ant finished
Finalizing
Logger initialized
Ant basedir:/tmp/antinstall
Config loaded
Created UI classes
Install screens rendered
Ant finished
Finalizing
Logger initialized
Ant basedir:C:\DOCUME~1\User\CONFIG~1\Temp\antinstall
Config loaded
Created UI classes
Install screens rendered
Ant finished
Finalizing
Logger initialized
Ant basedir:C:\DOCUME~1\ADMINI~1\CONFIG~1\Temp\antinstall
Config loaded
Created UI classes
Install screens rendered
Ant finished
Finalizing
Logger initialized
Ant basedir:C:\DOCUME~1\ADMINI~1\CONFIG~1\Temp\antinstall
Config loaded
Created UI classes
Install screens rendered
Ant finished
Finalizing
Logger initialized
Ant basedir:C:\DOCUME~1\ADMINI~1\CONFIG~1\Temp\antinstall
Config loaded
Created UI classes
Install screens rendered
Ant finished
Finalizing
Logger initialized
Ant basedir:C:\DOCUME~1\ADMINI~1\CONFIG~1\Temp\antinstall
Config loaded
Created UI classes
Install screens rendered
Ant finished
Finalizing
Logger initialized
Ant basedir:C:\DOCUME~1\ADMINI~1\CONFIG~1\Temp\antinstall
Config loaded
Created UI classes
Aborted
Finalizing
Logger initialized
Ant basedir:C:\DOCUME~1\ADMINI~1\CONFIG~1\Temp\antinstall
Config loaded
Created UI classes
Aborted
Finalizing
Logger initialized
Ant basedir:C:\DOCUME~1\ADMINI~1\CONFIG~1\Temp\antinstall
Config loaded
Created UI classes
Aborted
Finalizing
Logger initialized
Ant basedir:C:\DOCUME~1\ADMINI~1\CONFIG~1\Temp\antinstall
Config loaded
Created UI classes
Aborted
Finalizing
Logger initialized
Ant basedir:C:\DOCUME~1\ADMINI~1\CONFIG~1\Temp\antinstall
Config loaded
Created UI classes
Aborted
Finalizing
Logger initialized
Ant basedir:C:\DOCUME~1\ADMINI~1\CONFIG~1\Temp\antinstall
Config loaded
Created UI classes
Aborted
Finalizing
Logger initialized
Ant basedir:C:\DOCUME~1\ADMINI~1\CONFIG~1\Temp\antinstall
Config loaded
Created UI classes
Aborted
Finalizing
Logger initialized
Ant basedir:C:\DOCUME~1\ADMINI~1\CONFIG~1\Temp\antinstall
Config loaded
Created UI classes
Aborted
Finalizing
Logger initialized
Ant basedir:C:\DOCUME~1\ADMINI~1\CONFIG~1\Temp\antinstall
Config loaded
Created UI classes
Install screens rendered
Ant finished
Finalizing
Logger initialized
Ant basedir:C:\DOCUME~1\ADMINI~1\CONFIG~1\Temp\antinstall
Config loaded
Created UI classes
Install screens rendered
Ant finished
Finalizing
Logger initialized
Ant basedir:C:\DOCUME~1\ADMINI~1\CONFIG~1\Temp\antinstall
Config loaded
Created UI classes
Install screens rendered
Ant finished
Finalizing
Logger initialized
Ant basedir:C:\DOCUME~1\ADMINI~1\CONFIG~1\Temp\antinstall
Config loaded
Created UI classes
Install screens rendered
Ant finished
Finalizing
Logger initialized
Ant basedir:C:\DOCUME~1\ADMINI~1\CONFIG~1\Temp\antinstall
Config loaded
Created UI classes
Install screens rendered
Ant finished
Finalizing
Logger initialized
Ant basedir:C:\DOCUME~1\ADMINI~1\CONFIG~1\Temp\antinstall
Config loaded
Created UI classes
Install screens rendered
Ant finished
Finalizing
Logger initialized
Ant basedir:C:\DOCUME~1\ADMINI~1\CONFIG~1\Temp\antinstall
Config loaded
Created UI classes
Install screens rendered
Installation error:Error running the install:class org.tp23.antinstaller.InstallException
Logger initialized
Ant basedir:C:\DOCUME~1\ADMINI~1\CONFIG~1\Temp\antinstall
Config loaded
Created UI classes
Aborted
Finalizing
Logger initialized
Ant basedir:C:\DOCUME~1\ADMINI~1\CONFIG~1\Temp\antinstall
Config loaded
Created UI classes
Install screens rendered
Installation error:Error running the install:class org.tp23.antinstaller.InstallException
Logger initialized
Ant basedir:C:\DOCUME~1\ADMINI~1\CONFIG~1\Temp\antinstall
Config loaded
Created UI classes
Install screens rendered
Ant finished
Finalizing
Logger initialized
Ant basedir:C:\DOCUME~1\ADMINI~1\CONFIG~1\Temp\antinstall
Config loaded
Created UI classes
Install screens rendered
Ant finished
Finalizing
Logger initialized
Ant basedir:C:\DOCUME~1\ADMINI~1\CONFIG~1\Temp\antinstall
Config loaded
Created UI classes
Install screens rendered
Ant finished
Finalizing
Logger initialized
Ant basedir:C:\DOCUME~1\ADMINI~1\CONFIG~1\Temp\antinstall
Config loaded
Created UI classes
Install screens rendered
Ant finished
Finalizing
Logger initialized
Ant basedir:C:\DOCUME~1\ADMINI~1\CONFIG~1\Temp\antinstall
Config loaded
Created UI classes
Install screens rendered
Ant finished
Finalizing
Logger initialized
Ant basedir:C:\DOCUME~1\ADMINI~1\LOCALS~1\Temp\antinstall
Config loaded
Created UI classes
Install screens rendered
Ant finished
Finalizing
Logger initialized
Ant basedir:C:\DOCUME~1\ADMINI~1\LOCALS~1\Temp\antinstall
Config loaded
Created UI classes
Install screens rendered
Ant finished
Finalizing
Logger initialized
Ant basedir:/tmp/antinstall
Config loaded
Created UI classes
Aborted
Finalizing
Logger initialized
Ant basedir:/tmp/antinstall
Config loaded
Created UI classes
Install screens rendered
Ant finished
Finalizing
Logger initialized
Ant basedir:/tmp/antinstall
Config loaded
Created UI classes
Aborted
Finalizing
Logger initialized
Ant basedir:/tmp/antinstall
Config loaded
Created UI classes
Install screens rendered
Ant finished
Finalizing
Logger initialized
Ant basedir:/tmp/antinstall
Config loaded
Created UI classes
Install screens rendered
Ant finished
Finalizing
Logger initialized
Ant basedir:/tmp/antinstall
Config loaded
Created UI classes
Install screens rendered
Ant finished
Finalizing
Logger initialized
Ant basedir:/tmp/antinstall
Config loaded
Created UI classes
Install screens rendered
Ant finished
Finalizing
Logger initialized
Ant basedir:/tmp/antinstall
Config loaded
Created UI classes
Install screens rendered
Ant finished
Finalizing
Logger initialized
Ant basedir:/tmp/antinstall
Config loaded
Created UI classes
Install screens rendered
Ant finished
Finalizing
Logger initialized
Ant basedir:/tmp/antinstall
Config loaded
Created UI classes
Install screens rendered
Ant finished
Finalizing
Logger initialized
Ant basedir:/tmp/antinstall
Config loaded
Created UI classes
Install screens rendered
Ant finished
Finalizing
Logger initialized
Ant basedir:/tmp/antinstall
Config loaded
Created UI classes
Aborted
Finalizing
Logger initialized
Ant basedir:/tmp/antinstall
Config loaded
Created UI classes
Install screens rendered
Ant finished
Finalizing
Logger initialized
Ant basedir:/tmp/antinstall
Config loaded
Created UI classes
Install screens rendered
Ant finished
Finalizing
Logger initialized
Ant basedir:/tmp/antinstall
Config loaded
Created UI classes
Install screens rendered
Ant finished
Finalizing
Logger initialized
Ant basedir:/tmp/antinstall
Config loaded
Created UI classes
Install screens rendered
Ant finished
Finalizing
Logger initialized
Ant basedir:/tmp/antinstall
Config loaded
Created UI classes
Logger initialized
Ant basedir:/tmp/antinstall
Config loaded
Created UI classes
Aborted
Finalizing
Logger initialized
Ant basedir:/tmp/antinstall
Config loaded
Created UI classes
Aborted
Finalizing
Logger initialized
Ant basedir:/tmp/antinstall
Config loaded
Created UI classes
Install screens rendered
Ant finished
Finalizing
Logger initialized
Ant basedir:/tmp/antinstall
Config loaded
Created UI classes
Install screens rendered
Ant finished
Finalizing
Logger initialized
Ant basedir:/tmp/antinstall
Config loaded
Created UI classes
Aborted
Finalizing
Logger initialized
Ant basedir:/tmp/antinstall
Config loaded
Created UI classes
Install screens rendered
Ant finished
Finalizing
Logger initialized
Ant basedir:/tmp/antinstall
Config loaded
Created UI classes
Install screens rendered
Ant finished
Finalizing
Logger initialized
Ant basedir:/tmp/antinstall
Config loaded
Created UI classes
Logger initialized
Ant basedir:/tmp/antinstall
Config loaded
Created UI classes
Logger initialized
Ant basedir:/tmp/antinstall
Config loaded
Created UI classes
Logger initialized
Ant basedir:/tmp/antinstall
Config loaded
Created UI classes
Install screens rendered
Installation error:Error running the install:class org.tp23.antinstaller.InstallException
Logger initialized
Ant basedir:/tmp/antinstall
Config loaded
Created UI classes
Install screens rendered
Installation error:Error running the install:class org.tp23.antinstaller.InstallException
Logger initialized
Ant basedir:/tmp/antinstall
Config loaded
Created UI classes
Install screens rendered
Ant finished
Finalizing
Logger initialized
Ant basedir:/tmp/antinstall
Config loaded
Created UI classes
Install screens rendered
Ant finished
Finalizing
Logger initialized
Ant basedir:/tmp/antinstall
Config loaded
Created UI classes
Install screens rendered
Ant finished
Finalizing
Logger initialized
Ant basedir:/tmp/antinstall
Config loaded
Created UI classes
Install screens rendered
Ant finished
Finalizing
Logger initialized
Ant basedir:/tmp/antinstall
Config loaded
Created UI classes
Install screens rendered
Ant finished
Finalizing
Logger initialized
Ant basedir:/tmp/antinstall
Config loaded
Created UI classes
Install screens rendered
Ant finished
Finalizing
Logger initialized
Ant basedir:/tmp/antinstall
Config loaded
Created UI classes
Install screens rendered
Ant finished
Finalizing
Logger initialized
Ant basedir:/tmp/antinstall
Config loaded
Created UI classes
Install screens rendered
Ant finished
Finalizing
Logger initialized
Ant basedir:/tmp/antinstall
Config loaded
Created UI classes
Install screens rendered
Ant finished
Finalizing
Logger initialized
Ant basedir:/tmp/antinstall
Config loaded
Created UI classes
Install screens rendered
Ant finished
Finalizing
Logger initialized
Ant basedir:/tmp/antinstall
Config loaded
Created UI classes
Install screens rendered
Ant finished
Finalizing
Logger initialized
Ant basedir:/tmp/antinstall
Config loaded
Created UI classes
Install screens rendered
Ant finished
Finalizing
Logger initialized
Ant basedir:/tmp/antinstall
Config loaded
Created UI classes
Install screens rendered
Ant finished
Finalizing
Logger initialized
Ant basedir:/tmp/antinstall
Config loaded
Created UI classes
Install screens rendered
Ant finished
Finalizing
